<?xml version="1.0" encoding="UTF-8"?>
<!-- Generated by org.testng.reporters.JUnitReportReporter -->
<testsuite skipped="0" hostname="NTS5CG7321YLY" name="runners.Test_Test" tests="1" failures="0" timestamp="03 Oca 2019 08:13:17 GMT" time="26.265" errors="0">
  <testcase name="feature" time="26.265" classname="runners.Test_Test"/>
</testsuite> <!-- runners.Test_Test -->
