<?xml version="1.0" encoding="UTF-8"?>
<!-- Generated by org.testng.reporters.JUnitReportReporter -->
<testsuite skipped="1" hostname="NTS5CG7321YLY" name="runners.Contacts_Related_A_Test" tests="1" failures="0" timestamp="06 Oca 2019 17:56:56 GMT" time="0.000" errors="0">
  <testcase name="feature" time="0.000" classname="runners.Contacts_Related_A_Test">
    <skipped/>
  </testcase> <!-- feature -->
</testsuite> <!-- runners.Contacts_Related_A_Test -->
