<?xml version="1.0" encoding="UTF-8"?>
<!-- Generated by org.testng.reporters.JUnitReportReporter -->
<testsuite skipped="1" hostname="NTS5CG7321YLY" name="runners.Settings_Button_Check_Test" tests="1" failures="0" timestamp="04 Oca 2019 20:04:53 GMT" time="0.000" errors="0">
  <testcase name="feature" time="0.000" classname="runners.Settings_Button_Check_Test">
    <skipped/>
  </testcase> <!-- feature -->
</testsuite> <!-- runners.Settings_Button_Check_Test -->
