<?xml version="1.0" encoding="UTF-8"?>
<!-- Generated by org.testng.reporters.JUnitReportReporter -->
<testsuite skipped="0" hostname="NTS5CG7321YLY" name="runners.Test_Test1" tests="1" failures="0" timestamp="31 Ara 2018 10:13:28 GMT" time="58.644" errors="0">
  <testcase name="feature" time="58.644" classname="runners.Test_Test1"/>
</testsuite> <!-- runners.Test_Test1 -->
