<?xml version="1.0" encoding="UTF-8"?>
<!-- Generated by org.testng.reporters.JUnitReportReporter -->
<testsuite skipped="0" hostname="NTS5CG7321YLY" name="runners.Contacts_Related_Test" tests="1" failures="0" timestamp="30 Ara 2018 12:50:46 GMT" time="97.124" errors="0">
  <testcase name="feature" time="97.124" classname="runners.Contacts_Related_Test"/>
</testsuite> <!-- runners.Contacts_Related_Test -->
