<?xml version="1.0" encoding="UTF-8"?>
<!-- Generated by org.testng.reporters.JUnitReportReporter -->
<testsuite skipped="0" hostname="NTS5CG7321YLY" name="runners.Collect_debug_log_Test" tests="1" failures="0" timestamp="30 Ara 2018 16:06:50 GMT" time="62.995" errors="0">
  <testcase name="feature" time="62.995" classname="runners.Collect_debug_log_Test"/>
</testsuite> <!-- runners.Collect_debug_log_Test -->
