<?xml version="1.0" encoding="UTF-8"?>
<!-- Generated by org.testng.reporters.JUnitReportReporter -->
<testsuite skipped="0" hostname="NTS5CG7321YLY" name="runners.Contacts_Related_Test" tests="4" failures="0" timestamp="06 Oca 2019 19:50:36 GMT" time="164.781" errors="0">
  <testcase name="feature" time="25.452" classname="runners.Contacts_Related_Test"/>
  <testcase name="feature" time="77.556" classname="runners.Contacts_Related_Test"/>
  <testcase name="feature" time="13.898" classname="runners.Contacts_Related_Test"/>
  <testcase name="feature" time="47.875" classname="runners.Contacts_Related_Test"/>
</testsuite> <!-- runners.Contacts_Related_Test -->
