<?xml version="1.0" encoding="UTF-8"?>
<!-- Generated by org.testng.reporters.JUnitReportReporter -->
<testsuite skipped="0" hostname="NTS5CG7321YLY" name="runners.Test_Test" tests="1" failures="0" timestamp="28 Ara 2018 13:02:39 GMT" time="87.531" errors="0">
  <testcase name="feature" time="87.531" classname="runners.Test_Test"/>
</testsuite> <!-- runners.Test_Test -->
