<?xml version="1.0" encoding="UTF-8"?>
<!-- Generated by org.testng.reporters.JUnitReportReporter -->
<testsuite skipped="0" hostname="NTS5CG7321YLY" name="runners.Contacts_Related_Test" tests="1" failures="0" timestamp="29 Ara 2018 12:20:07 GMT" time="76.232" errors="0">
  <testcase name="feature" time="76.232" classname="runners.Contacts_Related_Test"/>
</testsuite> <!-- runners.Contacts_Related_Test -->
