<?xml version="1.0" encoding="UTF-8"?>
<!-- Generated by org.testng.reporters.JUnitReportReporter -->
<testsuite skipped="0" hostname="NTS5CG7321YLY" name="runners.Login_Scenarios_Test" tests="4" failures="0" timestamp="04 Oca 2019 23:20:41 GMT" time="138.448" errors="0">
  <testcase name="feature" time="42.752" classname="runners.Login_Scenarios_Test"/>
  <testcase name="feature" time="26.699" classname="runners.Login_Scenarios_Test"/>
  <testcase name="feature" time="45.979" classname="runners.Login_Scenarios_Test"/>
  <testcase name="feature" time="23.018" classname="runners.Login_Scenarios_Test"/>
</testsuite> <!-- runners.Login_Scenarios_Test -->
