<?xml version="1.0" encoding="UTF-8"?>
<!-- Generated by org.testng.reporters.JUnitReportReporter -->
<testsuite skipped="0" hostname="NTS5CG7321YLY" name="runners.Contacts_Related_Test" tests="4" failures="0" timestamp="04 Oca 2019 21:20:42 GMT" time="160.038" errors="0">
  <testcase name="feature" time="25.620" classname="runners.Contacts_Related_Test"/>
  <testcase name="feature" time="77.578" classname="runners.Contacts_Related_Test"/>
  <testcase name="feature" time="43.947" classname="runners.Contacts_Related_Test"/>
  <testcase name="feature" time="12.893" classname="runners.Contacts_Related_Test"/>
</testsuite> <!-- runners.Contacts_Related_Test -->
