<?xml version="1.0" encoding="UTF-8"?>
<!-- Generated by org.testng.reporters.JUnitReportReporter -->
<testsuite skipped="0" hostname="NTS5CG7321YLY" name="runners.Hold_Unhold_Test" tests="1" failures="0" timestamp="28 Ara 2018 12:02:39 GMT" time="105.930" errors="0">
  <testcase name="feature" time="105.930" classname="runners.Hold_Unhold_Test"/>
</testsuite> <!-- runners.Hold_Unhold_Test -->
