<?xml version="1.0" encoding="UTF-8"?>
<!-- Generated by org.testng.reporters.JUnitReportReporter -->
<testsuite skipped="0" hostname="NTS5CG7321YLY" name="runners.Contact_Group_Test" tests="1" failures="0" timestamp="01 Oca 2019 17:09:07 GMT" time="111.838" errors="0">
  <testcase name="feature" time="111.838" classname="runners.Contact_Group_Test"/>
</testsuite> <!-- runners.Contact_Group_Test -->
