<?xml version="1.0" encoding="UTF-8"?>
<!-- Generated by org.testng.reporters.JUnitReportReporter -->
<testsuite skipped="0" hostname="NTS5CG7321YLY" name="runners.Contacts_Related_rep_testNG_Test" tests="4" failures="0" timestamp="06 Oca 2019 20:20:39 GMT" time="166.443" errors="0">
  <testcase name="feature" time="77.616" classname="runners.Contacts_Related_rep_testNG_Test"/>
  <testcase name="feature" time="13.976" classname="runners.Contacts_Related_rep_testNG_Test"/>
  <testcase name="feature" time="25.612" classname="runners.Contacts_Related_rep_testNG_Test"/>
  <testcase name="feature" time="49.239" classname="runners.Contacts_Related_rep_testNG_Test"/>
</testsuite> <!-- runners.Contacts_Related_rep_testNG_Test -->
