<?xml version="1.0" encoding="UTF-8"?>
<!-- Generated by org.testng.reporters.JUnitReportReporter -->
<testsuite skipped="0" hostname="NTS5CG7321YLY" name="runners.Contact_Group_Test" tests="1" failures="0" timestamp="31 Ara 2018 15:39:14 GMT" time="111.645" errors="0">
  <testcase name="feature" time="111.645" classname="runners.Contact_Group_Test"/>
</testsuite> <!-- runners.Contact_Group_Test -->
