<?xml version="1.0" encoding="UTF-8"?>
<!-- Generated by org.testng.reporters.JUnitReportReporter -->
<testsuite skipped="0" hostname="NTS5CG7321YLY" name="runners.Search_View_details_Add_Remove_Contact_Test" tests="1" failures="0" timestamp="28 Ara 2018 12:02:39 GMT" time="54.464" errors="0">
  <testcase name="feature" time="54.464" classname="runners.Search_View_details_Add_Remove_Contact_Test"/>
</testsuite> <!-- runners.Search_View_details_Add_Remove_Contact_Test -->
