<?xml version="1.0" encoding="UTF-8"?>
<!-- Generated by org.testng.reporters.JUnitReportReporter -->
<testsuite skipped="0" hostname="NTS5CG7321YLY" name="runners.Basic_Call_Test" tests="1" failures="0" timestamp="02 Oca 2019 07:47:04 GMT" time="68.276" errors="0">
  <testcase name="feature" time="68.276" classname="runners.Basic_Call_Test"/>
</testsuite> <!-- runners.Basic_Call_Test -->
