<?xml version="1.0" encoding="UTF-8"?>
<!-- Generated by org.testng.reporters.JUnitReportReporter -->
<testsuite skipped="0" hostname="NTS5CG7321YLY" name="runners.Screen_Share_Test" tests="1" failures="0" timestamp="02 Oca 2019 13:21:10 GMT" time="106.156" errors="0">
  <testcase name="feature" time="106.156" classname="runners.Screen_Share_Test"/>
</testsuite> <!-- runners.Screen_Share_Test -->
