<?xml version="1.0" encoding="UTF-8"?>
<!-- Generated by org.testng.reporters.JUnitReportReporter -->
<testsuite skipped="0" hostname="NTS5CG7321YLY" name="runners.Test_Test" tests="4" failures="0" timestamp="02 Oca 2019 07:11:33 GMT" time="147.660" errors="0">
  <testcase name="feature" time="24.110" classname="runners.Test_Test"/>
  <testcase name="feature" time="71.149" classname="runners.Test_Test"/>
  <testcase name="feature" time="38.843" classname="runners.Test_Test"/>
  <testcase name="feature" time="13.558" classname="runners.Test_Test"/>
</testsuite> <!-- runners.Test_Test -->
