<?xml version="1.0" encoding="UTF-8"?>
<!-- Generated by org.testng.reporters.JUnitReportReporter -->
<testsuite skipped="0" hostname="NTS5CG7321YLY" name="runners.Test_Test" tests="1" failures="0" timestamp="31 Ara 2018 14:48:28 GMT" time="142.893" errors="0">
  <testcase name="feature" time="142.893" classname="runners.Test_Test"/>
</testsuite> <!-- runners.Test_Test -->
