<?xml version="1.0" encoding="UTF-8"?>
<!-- Generated by org.testng.reporters.JUnitReportReporter -->
<testsuite skipped="0" hostname="NTS5CG7321YLY" name="runners.Basic_Call_Test" tests="1" failures="0" timestamp="28 Ara 2018 13:22:44 GMT" time="81.016" errors="0">
  <testcase name="feature" time="81.016" classname="runners.Basic_Call_Test"/>
</testsuite> <!-- runners.Basic_Call_Test -->
