<?xml version="1.0" encoding="UTF-8"?>
<!-- Generated by org.testng.reporters.JUnitReportReporter -->
<testsuite skipped="0" hostname="NTS5CG7321YLY" name="runners.Test_Test" tests="1" failures="0" timestamp="30 Ara 2018 11:35:43 GMT" time="37.328" errors="0">
  <testcase name="feature" time="37.328" classname="runners.Test_Test"/>
</testsuite> <!-- runners.Test_Test -->
