<?xml version="1.0" encoding="UTF-8"?>
<!-- Generated by org.testng.reporters.JUnitReportReporter -->
<testsuite skipped="0" hostname="NTS5CG7321YLY" name="runners.Test_Test" tests="1" failures="0" timestamp="29 Ara 2018 13:51:43 GMT" time="34.312" errors="0">
  <testcase name="feature" time="34.312" classname="runners.Test_Test"/>
</testsuite> <!-- runners.Test_Test -->
