<?xml version="1.0" encoding="UTF-8"?>
<!-- Generated by org.testng.reporters.JUnitReportReporter -->
<testsuite skipped="0" hostname="NTS5CG7321YLY" name="runners.Test_Test1" tests="3" failures="0" timestamp="02 Oca 2019 08:38:46 GMT" time="117.149" errors="0">
  <testcase name="feature" time="67.236" classname="runners.Test_Test1"/>
  <testcase name="feature" time="28.453" classname="runners.Test_Test1"/>
  <testcase name="feature" time="21.460" classname="runners.Test_Test1"/>
</testsuite> <!-- runners.Test_Test1 -->
