<?xml version="1.0" encoding="UTF-8"?>
<!-- Generated by org.testng.reporters.JUnitReportReporter -->
<testsuite skipped="0" hostname="NTS5CG7321YLY" name="runners.Test_Test" tests="1" failures="0" timestamp="04 Oca 2019 20:53:45 GMT" time="53.581" errors="0">
  <testcase name="feature" time="53.581" classname="runners.Test_Test"/>
</testsuite> <!-- runners.Test_Test -->
