<?xml version="1.0" encoding="UTF-8"?>
<!-- Generated by org.testng.reporters.JUnitReportReporter -->
<testsuite skipped="0" hostname="NTS5CG7321YLY" name="runners.Login_Scenarios_Test" tests="4" failures="0" timestamp="04 Oca 2019 21:20:42 GMT" time="132.369" errors="0">
  <testcase name="feature" time="45.562" classname="runners.Login_Scenarios_Test"/>
  <testcase name="feature" time="37.344" classname="runners.Login_Scenarios_Test"/>
  <testcase name="feature" time="22.759" classname="runners.Login_Scenarios_Test"/>
  <testcase name="feature" time="26.704" classname="runners.Login_Scenarios_Test"/>
</testsuite> <!-- runners.Login_Scenarios_Test -->
