<?xml version="1.0" encoding="UTF-8"?>
<!-- Generated by org.testng.reporters.JUnitReportReporter -->
<testsuite skipped="0" hostname="NTS5CG7321YLY" name="runners.Settings_Page_Test" tests="1" failures="0" timestamp="04 Oca 2019 23:20:41 GMT" time="67.013" errors="0">
  <testcase name="feature" time="67.013" classname="runners.Settings_Page_Test"/>
</testsuite> <!-- runners.Settings_Page_Test -->
