<?xml version="1.0" encoding="UTF-8"?>
<!-- Generated by org.testng.reporters.JUnitReportReporter -->
<testsuite skipped="0" hostname="NTS5CG7321YLY" name="runners.Mute_Unmute_Test" tests="1" failures="0" timestamp="28 Ara 2018 12:02:39 GMT" time="109.153" errors="0">
  <testcase name="feature" time="109.153" classname="runners.Mute_Unmute_Test"/>
</testsuite> <!-- runners.Mute_Unmute_Test -->
