<?xml version="1.0" encoding="UTF-8"?>
<!-- Generated by org.testng.reporters.JUnitReportReporter -->
<testsuite skipped="0" hostname="NTS5CG7321YLY" name="runners.Send_Receive_Message_Test" tests="1" failures="0" timestamp="28 Ara 2018 12:02:39 GMT" time="102.828" errors="0">
  <testcase name="feature" time="102.828" classname="runners.Send_Receive_Message_Test"/>
</testsuite> <!-- runners.Send_Receive_Message_Test -->
