<?xml version="1.0" encoding="UTF-8"?>
<!-- Generated by org.testng.reporters.JUnitReportReporter -->
<testsuite skipped="1" hostname="NTS5CG7321YLY" name="runners.Test_Test" tests="1" failures="0" timestamp="02 Oca 2019 11:18:25 GMT" time="0.000" errors="0">
  <testcase name="feature" time="0.000" classname="runners.Test_Test">
    <skipped/>
  </testcase> <!-- feature -->
</testsuite> <!-- runners.Test_Test -->
